<?xml version="1.0" encoding="UTF-8"?>
<testng-results skipped="0" failed="0" ignored="0" total="2" passed="2">
  <reporter-output>
  </reporter-output>
  <suite name="DockerTest" duration-ms="71492" started-at="2020-04-22T15:35:54Z" finished-at="2020-04-22T15:37:06Z">
    <groups>
    </groups>
    <test name="Test" duration-ms="71492" started-at="2020-04-22T15:35:54Z" finished-at="2020-04-22T15:37:06Z">
      <class name="dockers.ChromeTest">
        <test-method status="PASS" signature="test1()[pri:0, instance:dockers.ChromeTest@475530b9]" name="test1" duration-ms="9012" started-at="2020-04-22T15:36:15Z" finished-at="2020-04-22T15:36:24Z">
          <reporter-output>
          </reporter-output>
        </test-method> <!-- test1 -->
      </class> <!-- dockers.ChromeTest -->
      <class name="dockers.SetupDockerGrid">
        <test-method status="PASS" signature="startGrid()[pri:0, instance:dockers.SetupDockerGrid@4b9e13df]" name="startGrid" is-config="true" duration-ms="20034" started-at="2020-04-22T15:35:54Z" finished-at="2020-04-22T15:36:15Z">
          <reporter-output>
          </reporter-output>
        </test-method> <!-- startGrid -->
        <test-method status="PASS" signature="stopGrid()[pri:0, instance:dockers.SetupDockerGrid@4b9e13df]" name="stopGrid" is-config="true" duration-ms="6220" started-at="2020-04-22T15:37:00Z" finished-at="2020-04-22T15:37:06Z">
          <reporter-output>
          </reporter-output>
        </test-method> <!-- stopGrid -->
      </class> <!-- dockers.SetupDockerGrid -->
      <class name="dockers.FireFoxTest">
        <test-method status="PASS" signature="test1()[pri:0, instance:dockers.FireFoxTest@2b98378d]" name="test1" duration-ms="45093" started-at="2020-04-22T15:36:15Z" finished-at="2020-04-22T15:37:00Z">
          <reporter-output>
          </reporter-output>
        </test-method> <!-- test1 -->
      </class> <!-- dockers.FireFoxTest -->
    </test> <!-- Test -->
  </suite> <!-- DockerTest -->
</testng-results>
